
> codecapture@0.1.0 build
> next build

▲ Next.js 16.2.1 (Turbopack)
- Environments: .env.local

  Creating an optimized production build ...
✓ Compiled successfully in 3.6s
  Running TypeScript ...
  Finished TypeScript in 2.8s ...
  Collecting page data using 11 workers ...
  Generating static pages using 11 workers (0/9) ...
  Generating static pages using 11 workers (2/9) 
  Generating static pages using 11 workers (4/9) 
  Generating static pages using 11 workers (6/9) 
✓ Generating static pages using 11 workers (9/9) in 645ms
  Finalizing page optimization ...

Route (app)
┌ ○ /
├ ○ /_not-found
├ ƒ /api/ai/explain
├ ƒ /api/ai/improve
├ ƒ /api/ai/summary
├ ○ /dashboard
├ ○ /new
└ ƒ /snippet/[id]


○  (Static)   prerendered as static content
ƒ  (Dynamic)  server-rendered on demand

